<?xml version="1.0" encoding="UTF-8"?>
<testng-results ignored="1" total="1" passed="0" failed="0" skipped="0">
  <reporter-output>
  </reporter-output>
  <suite started-at="2023-03-06T22:15:05 BDT" name="Default suite" finished-at="2023-03-06T22:15:05 BDT" duration-ms="35">
    <groups>
    </groups>
    <test started-at="2023-03-06T22:15:05 BDT" name="Default test" finished-at="2023-03-06T22:15:05 BDT" duration-ms="35">
      <class name="test.com.WebsiteTest.XYZBank">
        <test-method is-config="true" signature="startbeowser()[pri:0, instance:test.com.WebsiteTest.XYZBank@146dcfe6]" started-at="2023-03-06T22:15:00 BDT" name="startbeowser" finished-at="2023-03-06T22:15:05 BDT" duration-ms="5046" status="PASS">
          <reporter-output>
          </reporter-output>
        </test-method> <!-- startbeowser -->
        <test-method is-config="true" signature="closeBrowser()[pri:0, instance:test.com.WebsiteTest.XYZBank@146dcfe6]" started-at="2023-03-06T22:15:06 BDT" name="closeBrowser" finished-at="2023-03-06T22:15:10 BDT" duration-ms="4208" status="PASS">
          <reporter-output>
          </reporter-output>
        </test-method> <!-- closeBrowser -->
      </class> <!-- test.com.WebsiteTest.XYZBank -->
    </test> <!-- Default test -->
  </suite> <!-- Default suite -->
</testng-results>
